[debug] [2022-12-20T04:08:01.089Z] ----------------------------------------------------------------------
[debug] [2022-12-20T04:08:01.094Z] Command:       C:\Program Files\nodejs\node.exe C:\Users\HP\AppData\Roaming\npm\node_modules\firebase-tools\lib\bin\firebase.js init
[debug] [2022-12-20T04:08:01.095Z] CLI Version:   11.16.0
[debug] [2022-12-20T04:08:01.095Z] Platform:      win32
[debug] [2022-12-20T04:08:01.095Z] Node Version:  v16.15.1
[debug] [2022-12-20T04:08:01.123Z] Time:          Tue Dec 20 2022 10:08:01 GMT+0600 (Bangladesh Standard Time)
[debug] [2022-12-20T04:08:01.124Z] ----------------------------------------------------------------------
[debug] 
[debug] [2022-12-20T04:08:01.140Z] > command requires scopes: ["email","openid","https://www.googleapis.com/auth/cloudplatformprojects.readonly","https://www.googleapis.com/auth/firebase","https://www.googleapis.com/auth/cloud-platform"]
[debug] [2022-12-20T04:08:01.141Z] > authorizing via signed-in user (wcracker22@gmail.com)
[info] 
     ######## #### ########  ######## ########     ###     ######  ########
     ##        ##  ##     ## ##       ##     ##  ##   ##  ##       ##
     ######    ##  ########  ######   ########  #########  ######  ######
     ##        ##  ##    ##  ##       ##     ## ##     ##       ## ##
     ##       #### ##     ## ######## ########  ##     ##  ######  ########

You're about to initialize a Firebase project in this directory:

  D:\Hospital_management_client

[info] 
=== Project Setup
[info] 
[info] First, let's associate this project directory with a Firebase project.
[info] You can create multiple project aliases by running firebase use --add, 
[info] but for now we'll just set up a default project.
[info] 
[debug] [2022-12-20T04:08:15.602Z] >>> [apiv2][query] GET https://firebase.googleapis.com/v1beta1/projects pageSize=100
[debug] [2022-12-20T04:08:16.505Z] <<< [apiv2][status] GET https://firebase.googleapis.com/v1beta1/projects 200
[debug] [2022-12-20T04:08:16.505Z] <<< [apiv2][body] GET https://firebase.googleapis.com/v1beta1/projects [omitted]
